Problem:    PAPD
Rows:       57
Columns:    588 (588 integer, 588 binary)
Non-zeros:  1764
Status:     INTEGER OPTIMAL
Objective:  obj = 42 (MINimum)

   No.   Row name        Activity     Lower bound   Upper bound
------ ------------    ------------- ------------- -------------
     1 obj                        42                             
     2 R1[1]                       1             1             = 
     3 R1[2]                       1             1             = 
     4 R1[3]                       1             1             = 
     5 R1[4]                       1             1             = 
     6 R1[5]                       1             1             = 
     7 R1[6]                       1             1             = 
     8 R1[7]                       1             1             = 
     9 R1[8]                       1             1             = 
    10 R1[9]                       1             1             = 
    11 R1[10]                      1             1             = 
    12 R1[11]                      1             1             = 
    13 R1[12]                      1             1             = 
    14 R1[13]                      1             1             = 
    15 R1[14]                      1             1             = 
    16 R1[15]                      1             1             = 
    17 R1[16]                      1             1             = 
    18 R1[17]                      1             1             = 
    19 R1[18]                      1             1             = 
    20 R1[19]                      1             1             = 
    21 R1[20]                      1             1             = 
    22 R1[21]                      1             1             = 
    23 R1[22]                      1             1             = 
    24 R1[23]                      1             1             = 
    25 R1[24]                      1             1             = 
    26 R1[25]                      1             1             = 
    27 R1[26]                      1             1             = 
    28 R1[27]                      1             1             = 
    29 R1[28]                      1             1             = 
    30 R1[29]                      1             1             = 
    31 R1[30]                      1             1             = 
    32 R1[31]                      1             1             = 
    33 R1[32]                      1             1             = 
    34 R1[33]                      1             1             = 
    35 R1[34]                      1             1             = 
    36 R1[35]                      1             1             = 
    37 R1[36]                      1             1             = 
    38 R1[37]                      1             1             = 
    39 R1[38]                      1             1             = 
    40 R1[39]                      1             1             = 
    41 R1[40]                      1             1             = 
    42 R1[41]                      1             1             = 
    43 R1[42]                      1             1             = 
    44 R2[1]                     600                         600 
    45 R2[2]                     600                         600 
    46 R2[3]                     600                         600 
    47 R2[4]                     600                         600 
    48 R2[5]                     600                         600 
    49 R2[6]                     600                         600 
    50 R2[7]                     600                         600 
    51 R2[8]                     600                         600 
    52 R2[9]                     600                         600 
    53 R2[10]                    600                         600 
    54 R2[11]                    500                         500 
    55 R2[12]                    600                         600 
    56 R2[13]                    500                         500 
    57 R2[14]                    600                         600 

   No. Column name       Activity     Lower bound   Upper bound
------ ------------    ------------- ------------- -------------
     1 X[1,1]       *              1             0             1 
     2 X[1,2]       *              1             0             1 
     3 X[1,3]       *              1             0             1 
     4 X[1,4]       *              0             0             1 
     5 X[1,5]       *              0             0             1 
     6 X[1,6]       *              0             0             1 
     7 X[1,7]       *              0             0             1 
     8 X[1,8]       *              0             0             1 
     9 X[1,9]       *              0             0             1 
    10 X[1,10]      *              0             0             1 
    11 X[1,11]      *              0             0             1 
    12 X[1,12]      *              0             0             1 
    13 X[1,13]      *              0             0             1 
    14 X[1,14]      *              0             0             1 
    15 X[1,15]      *              0             0             1 
    16 X[1,16]      *              0             0             1 
    17 X[1,17]      *              0             0             1 
    18 X[1,18]      *              0             0             1 
    19 X[1,19]      *              0             0             1 
    20 X[1,20]      *              0             0             1 
    21 X[1,21]      *              0             0             1 
    22 X[1,22]      *              0             0             1 
    23 X[1,23]      *              0             0             1 
    24 X[1,24]      *              0             0             1 
    25 X[1,25]      *              0             0             1 
    26 X[1,26]      *              0             0             1 
    27 X[1,27]      *              0             0             1 
    28 X[1,28]      *              0             0             1 
    29 X[1,29]      *              0             0             1 
    30 X[1,30]      *              0             0             1 
    31 X[1,31]      *              0             0             1 
    32 X[1,32]      *              0             0             1 
    33 X[1,33]      *              0             0             1 
    34 X[1,34]      *              0             0             1 
    35 X[1,35]      *              0             0             1 
    36 X[1,36]      *              0             0             1 
    37 X[1,37]      *              0             0             1 
    38 X[1,38]      *              0             0             1 
    39 X[1,39]      *              0             0             1 
    40 X[1,40]      *              0             0             1 
    41 X[1,41]      *              0             0             1 
    42 X[1,42]      *              0             0             1 
    43 X[2,1]       *              0             0             1 
    44 X[2,2]       *              0             0             1 
    45 X[2,3]       *              0             0             1 
    46 X[2,4]       *              1             0             1 
    47 X[2,5]       *              1             0             1 
    48 X[2,6]       *              1             0             1 
    49 X[2,7]       *              0             0             1 
    50 X[2,8]       *              0             0             1 
    51 X[2,9]       *              0             0             1 
    52 X[2,10]      *              0             0             1 
    53 X[2,11]      *              0             0             1 
    54 X[2,12]      *              0             0             1 
    55 X[2,13]      *              0             0             1 
    56 X[2,14]      *              0             0             1 
    57 X[2,15]      *              0             0             1 
    58 X[2,16]      *              0             0             1 
    59 X[2,17]      *              0             0             1 
    60 X[2,18]      *              0             0             1 
    61 X[2,19]      *              0             0             1 
    62 X[2,20]      *              0             0             1 
    63 X[2,21]      *              0             0             1 
    64 X[2,22]      *              0             0             1 
    65 X[2,23]      *              0             0             1 
    66 X[2,24]      *              0             0             1 
    67 X[2,25]      *              0             0             1 
    68 X[2,26]      *              0             0             1 
    69 X[2,27]      *              0             0             1 
    70 X[2,28]      *              0             0             1 
    71 X[2,29]      *              0             0             1 
    72 X[2,30]      *              0             0             1 
    73 X[2,31]      *              0             0             1 
    74 X[2,32]      *              0             0             1 
    75 X[2,33]      *              0             0             1 
    76 X[2,34]      *              0             0             1 
    77 X[2,35]      *              0             0             1 
    78 X[2,36]      *              0             0             1 
    79 X[2,37]      *              0             0             1 
    80 X[2,38]      *              0             0             1 
    81 X[2,39]      *              0             0             1 
    82 X[2,40]      *              0             0             1 
    83 X[2,41]      *              0             0             1 
    84 X[2,42]      *              0             0             1 
    85 X[3,1]       *              0             0             1 
    86 X[3,2]       *              0             0             1 
    87 X[3,3]       *              0             0             1 
    88 X[3,4]       *              0             0             1 
    89 X[3,5]       *              0             0             1 
    90 X[3,6]       *              0             0             1 
    91 X[3,7]       *              1             0             1 
    92 X[3,8]       *              1             0             1 
    93 X[3,9]       *              1             0             1 
    94 X[3,10]      *              0             0             1 
    95 X[3,11]      *              0             0             1 
    96 X[3,12]      *              0             0             1 
    97 X[3,13]      *              0             0             1 
    98 X[3,14]      *              0             0             1 
    99 X[3,15]      *              0             0             1 
   100 X[3,16]      *              0             0             1 
   101 X[3,17]      *              0             0             1 
   102 X[3,18]      *              0             0             1 
   103 X[3,19]      *              0             0             1 
   104 X[3,20]      *              0             0             1 
   105 X[3,21]      *              0             0             1 
   106 X[3,22]      *              0             0             1 
   107 X[3,23]      *              0             0             1 
   108 X[3,24]      *              0             0             1 
   109 X[3,25]      *              0             0             1 
   110 X[3,26]      *              0             0             1 
   111 X[3,27]      *              0             0             1 
   112 X[3,28]      *              0             0             1 
   113 X[3,29]      *              0             0             1 
   114 X[3,30]      *              0             0             1 
   115 X[3,31]      *              0             0             1 
   116 X[3,32]      *              0             0             1 
   117 X[3,33]      *              0             0             1 
   118 X[3,34]      *              0             0             1 
   119 X[3,35]      *              0             0             1 
   120 X[3,36]      *              0             0             1 
   121 X[3,37]      *              0             0             1 
   122 X[3,38]      *              0             0             1 
   123 X[3,39]      *              0             0             1 
   124 X[3,40]      *              0             0             1 
   125 X[3,41]      *              0             0             1 
   126 X[3,42]      *              0             0             1 
   127 X[4,1]       *              0             0             1 
   128 X[4,2]       *              0             0             1 
   129 X[4,3]       *              0             0             1 
   130 X[4,4]       *              0             0             1 
   131 X[4,5]       *              0             0             1 
   132 X[4,6]       *              0             0             1 
   133 X[4,7]       *              0             0             1 
   134 X[4,8]       *              0             0             1 
   135 X[4,9]       *              0             0             1 
   136 X[4,10]      *              1             0             1 
   137 X[4,11]      *              1             0             1 
   138 X[4,12]      *              1             0             1 
   139 X[4,13]      *              0             0             1 
   140 X[4,14]      *              0             0             1 
   141 X[4,15]      *              0             0             1 
   142 X[4,16]      *              0             0             1 
   143 X[4,17]      *              0             0             1 
   144 X[4,18]      *              0             0             1 
   145 X[4,19]      *              0             0             1 
   146 X[4,20]      *              0             0             1 
   147 X[4,21]      *              0             0             1 
   148 X[4,22]      *              0             0             1 
   149 X[4,23]      *              0             0             1 
   150 X[4,24]      *              0             0             1 
   151 X[4,25]      *              0             0             1 
   152 X[4,26]      *              0             0             1 
   153 X[4,27]      *              0             0             1 
   154 X[4,28]      *              0             0             1 
   155 X[4,29]      *              0             0             1 
   156 X[4,30]      *              0             0             1 
   157 X[4,31]      *              0             0             1 
   158 X[4,32]      *              0             0             1 
   159 X[4,33]      *              0             0             1 
   160 X[4,34]      *              0             0             1 
   161 X[4,35]      *              0             0             1 
   162 X[4,36]      *              0             0             1 
   163 X[4,37]      *              0             0             1 
   164 X[4,38]      *              0             0             1 
   165 X[4,39]      *              0             0             1 
   166 X[4,40]      *              0             0             1 
   167 X[4,41]      *              0             0             1 
   168 X[4,42]      *              0             0             1 
   169 X[5,1]       *              0             0             1 
   170 X[5,2]       *              0             0             1 
   171 X[5,3]       *              0             0             1 
   172 X[5,4]       *              0             0             1 
   173 X[5,5]       *              0             0             1 
   174 X[5,6]       *              0             0             1 
   175 X[5,7]       *              0             0             1 
   176 X[5,8]       *              0             0             1 
   177 X[5,9]       *              0             0             1 
   178 X[5,10]      *              0             0             1 
   179 X[5,11]      *              0             0             1 
   180 X[5,12]      *              0             0             1 
   181 X[5,13]      *              1             0             1 
   182 X[5,14]      *              1             0             1 
   183 X[5,15]      *              1             0             1 
   184 X[5,16]      *              0             0             1 
   185 X[5,17]      *              0             0             1 
   186 X[5,18]      *              0             0             1 
   187 X[5,19]      *              0             0             1 
   188 X[5,20]      *              0             0             1 
   189 X[5,21]      *              0             0             1 
   190 X[5,22]      *              0             0             1 
   191 X[5,23]      *              0             0             1 
   192 X[5,24]      *              0             0             1 
   193 X[5,25]      *              0             0             1 
   194 X[5,26]      *              0             0             1 
   195 X[5,27]      *              0             0             1 
   196 X[5,28]      *              0             0             1 
   197 X[5,29]      *              0             0             1 
   198 X[5,30]      *              0             0             1 
   199 X[5,31]      *              0             0             1 
   200 X[5,32]      *              0             0             1 
   201 X[5,33]      *              0             0             1 
   202 X[5,34]      *              0             0             1 
   203 X[5,35]      *              0             0             1 
   204 X[5,36]      *              0             0             1 
   205 X[5,37]      *              0             0             1 
   206 X[5,38]      *              0             0             1 
   207 X[5,39]      *              0             0             1 
   208 X[5,40]      *              0             0             1 
   209 X[5,41]      *              0             0             1 
   210 X[5,42]      *              0             0             1 
   211 X[6,1]       *              0             0             1 
   212 X[6,2]       *              0             0             1 
   213 X[6,3]       *              0             0             1 
   214 X[6,4]       *              0             0             1 
   215 X[6,5]       *              0             0             1 
   216 X[6,6]       *              0             0             1 
   217 X[6,7]       *              0             0             1 
   218 X[6,8]       *              0             0             1 
   219 X[6,9]       *              0             0             1 
   220 X[6,10]      *              0             0             1 
   221 X[6,11]      *              0             0             1 
   222 X[6,12]      *              0             0             1 
   223 X[6,13]      *              0             0             1 
   224 X[6,14]      *              0             0             1 
   225 X[6,15]      *              0             0             1 
   226 X[6,16]      *              1             0             1 
   227 X[6,17]      *              1             0             1 
   228 X[6,18]      *              1             0             1 
   229 X[6,19]      *              0             0             1 
   230 X[6,20]      *              0             0             1 
   231 X[6,21]      *              0             0             1 
   232 X[6,22]      *              0             0             1 
   233 X[6,23]      *              0             0             1 
   234 X[6,24]      *              0             0             1 
   235 X[6,25]      *              0             0             1 
   236 X[6,26]      *              0             0             1 
   237 X[6,27]      *              0             0             1 
   238 X[6,28]      *              0             0             1 
   239 X[6,29]      *              0             0             1 
   240 X[6,30]      *              0             0             1 
   241 X[6,31]      *              0             0             1 
   242 X[6,32]      *              0             0             1 
   243 X[6,33]      *              0             0             1 
   244 X[6,34]      *              0             0             1 
   245 X[6,35]      *              0             0             1 
   246 X[6,36]      *              0             0             1 
   247 X[6,37]      *              0             0             1 
   248 X[6,38]      *              0             0             1 
   249 X[6,39]      *              0             0             1 
   250 X[6,40]      *              0             0             1 
   251 X[6,41]      *              0             0             1 
   252 X[6,42]      *              0             0             1 
   253 X[7,1]       *              0             0             1 
   254 X[7,2]       *              0             0             1 
   255 X[7,3]       *              0             0             1 
   256 X[7,4]       *              0             0             1 
   257 X[7,5]       *              0             0             1 
   258 X[7,6]       *              0             0             1 
   259 X[7,7]       *              0             0             1 
   260 X[7,8]       *              0             0             1 
   261 X[7,9]       *              0             0             1 
   262 X[7,10]      *              0             0             1 
   263 X[7,11]      *              0             0             1 
   264 X[7,12]      *              0             0             1 
   265 X[7,13]      *              0             0             1 
   266 X[7,14]      *              0             0             1 
   267 X[7,15]      *              0             0             1 
   268 X[7,16]      *              0             0             1 
   269 X[7,17]      *              0             0             1 
   270 X[7,18]      *              0             0             1 
   271 X[7,19]      *              1             0             1 
   272 X[7,20]      *              1             0             1 
   273 X[7,21]      *              1             0             1 
   274 X[7,22]      *              0             0             1 
   275 X[7,23]      *              0             0             1 
   276 X[7,24]      *              0             0             1 
   277 X[7,25]      *              0             0             1 
   278 X[7,26]      *              0             0             1 
   279 X[7,27]      *              0             0             1 
   280 X[7,28]      *              0             0             1 
   281 X[7,29]      *              0             0             1 
   282 X[7,30]      *              0             0             1 
   283 X[7,31]      *              0             0             1 
   284 X[7,32]      *              0             0             1 
   285 X[7,33]      *              0             0             1 
   286 X[7,34]      *              0             0             1 
   287 X[7,35]      *              0             0             1 
   288 X[7,36]      *              0             0             1 
   289 X[7,37]      *              0             0             1 
   290 X[7,38]      *              0             0             1 
   291 X[7,39]      *              0             0             1 
   292 X[7,40]      *              0             0             1 
   293 X[7,41]      *              0             0             1 
   294 X[7,42]      *              0             0             1 
   295 X[8,1]       *              0             0             1 
   296 X[8,2]       *              0             0             1 
   297 X[8,3]       *              0             0             1 
   298 X[8,4]       *              0             0             1 
   299 X[8,5]       *              0             0             1 
   300 X[8,6]       *              0             0             1 
   301 X[8,7]       *              0             0             1 
   302 X[8,8]       *              0             0             1 
   303 X[8,9]       *              0             0             1 
   304 X[8,10]      *              0             0             1 
   305 X[8,11]      *              0             0             1 
   306 X[8,12]      *              0             0             1 
   307 X[8,13]      *              0             0             1 
   308 X[8,14]      *              0             0             1 
   309 X[8,15]      *              0             0             1 
   310 X[8,16]      *              0             0             1 
   311 X[8,17]      *              0             0             1 
   312 X[8,18]      *              0             0             1 
   313 X[8,19]      *              0             0             1 
   314 X[8,20]      *              0             0             1 
   315 X[8,21]      *              0             0             1 
   316 X[8,22]      *              1             0             1 
   317 X[8,23]      *              1             0             1 
   318 X[8,24]      *              1             0             1 
   319 X[8,25]      *              0             0             1 
   320 X[8,26]      *              0             0             1 
   321 X[8,27]      *              0             0             1 
   322 X[8,28]      *              0             0             1 
   323 X[8,29]      *              0             0             1 
   324 X[8,30]      *              0             0             1 
   325 X[8,31]      *              0             0             1 
   326 X[8,32]      *              0             0             1 
   327 X[8,33]      *              0             0             1 
   328 X[8,34]      *              0             0             1 
   329 X[8,35]      *              0             0             1 
   330 X[8,36]      *              0             0             1 
   331 X[8,37]      *              0             0             1 
   332 X[8,38]      *              0             0             1 
   333 X[8,39]      *              0             0             1 
   334 X[8,40]      *              0             0             1 
   335 X[8,41]      *              0             0             1 
   336 X[8,42]      *              0             0             1 
   337 X[9,1]       *              0             0             1 
   338 X[9,2]       *              0             0             1 
   339 X[9,3]       *              0             0             1 
   340 X[9,4]       *              0             0             1 
   341 X[9,5]       *              0             0             1 
   342 X[9,6]       *              0             0             1 
   343 X[9,7]       *              0             0             1 
   344 X[9,8]       *              0             0             1 
   345 X[9,9]       *              0             0             1 
   346 X[9,10]      *              0             0             1 
   347 X[9,11]      *              0             0             1 
   348 X[9,12]      *              0             0             1 
   349 X[9,13]      *              0             0             1 
   350 X[9,14]      *              0             0             1 
   351 X[9,15]      *              0             0             1 
   352 X[9,16]      *              0             0             1 
   353 X[9,17]      *              0             0             1 
   354 X[9,18]      *              0             0             1 
   355 X[9,19]      *              0             0             1 
   356 X[9,20]      *              0             0             1 
   357 X[9,21]      *              0             0             1 
   358 X[9,22]      *              0             0             1 
   359 X[9,23]      *              0             0             1 
   360 X[9,24]      *              0             0             1 
   361 X[9,25]      *              1             0             1 
   362 X[9,26]      *              1             0             1 
   363 X[9,27]      *              1             0             1 
   364 X[9,28]      *              0             0             1 
   365 X[9,29]      *              0             0             1 
   366 X[9,30]      *              0             0             1 
   367 X[9,31]      *              0             0             1 
   368 X[9,32]      *              0             0             1 
   369 X[9,33]      *              0             0             1 
   370 X[9,34]      *              0             0             1 
   371 X[9,35]      *              0             0             1 
   372 X[9,36]      *              0             0             1 
   373 X[9,37]      *              0             0             1 
   374 X[9,38]      *              0             0             1 
   375 X[9,39]      *              0             0             1 
   376 X[9,40]      *              0             0             1 
   377 X[9,41]      *              0             0             1 
   378 X[9,42]      *              0             0             1 
   379 X[10,1]      *              0             0             1 
   380 X[10,2]      *              0             0             1 
   381 X[10,3]      *              0             0             1 
   382 X[10,4]      *              0             0             1 
   383 X[10,5]      *              0             0             1 
   384 X[10,6]      *              0             0             1 
   385 X[10,7]      *              0             0             1 
   386 X[10,8]      *              0             0             1 
   387 X[10,9]      *              0             0             1 
   388 X[10,10]     *              0             0             1 
   389 X[10,11]     *              0             0             1 
   390 X[10,12]     *              0             0             1 
   391 X[10,13]     *              0             0             1 
   392 X[10,14]     *              0             0             1 
   393 X[10,15]     *              0             0             1 
   394 X[10,16]     *              0             0             1 
   395 X[10,17]     *              0             0             1 
   396 X[10,18]     *              0             0             1 
   397 X[10,19]     *              0             0             1 
   398 X[10,20]     *              0             0             1 
   399 X[10,21]     *              0             0             1 
   400 X[10,22]     *              0             0             1 
   401 X[10,23]     *              0             0             1 
   402 X[10,24]     *              0             0             1 
   403 X[10,25]     *              0             0             1 
   404 X[10,26]     *              0             0             1 
   405 X[10,27]     *              0             0             1 
   406 X[10,28]     *              1             0             1 
   407 X[10,29]     *              1             0             1 
   408 X[10,30]     *              1             0             1 
   409 X[10,31]     *              0             0             1 
   410 X[10,32]     *              0             0             1 
   411 X[10,33]     *              0             0             1 
   412 X[10,34]     *              0             0             1 
   413 X[10,35]     *              0             0             1 
   414 X[10,36]     *              0             0             1 
   415 X[10,37]     *              0             0             1 
   416 X[10,38]     *              0             0             1 
   417 X[10,39]     *              0             0             1 
   418 X[10,40]     *              0             0             1 
   419 X[10,41]     *              0             0             1 
   420 X[10,42]     *              0             0             1 
   421 X[11,1]      *              0             0             1 
   422 X[11,2]      *              0             0             1 
   423 X[11,3]      *              0             0             1 
   424 X[11,4]      *              0             0             1 
   425 X[11,5]      *              0             0             1 
   426 X[11,6]      *              0             0             1 
   427 X[11,7]      *              0             0             1 
   428 X[11,8]      *              0             0             1 
   429 X[11,9]      *              0             0             1 
   430 X[11,10]     *              0             0             1 
   431 X[11,11]     *              0             0             1 
   432 X[11,12]     *              0             0             1 
   433 X[11,13]     *              0             0             1 
   434 X[11,14]     *              0             0             1 
   435 X[11,15]     *              0             0             1 
   436 X[11,16]     *              0             0             1 
   437 X[11,17]     *              0             0             1 
   438 X[11,18]     *              0             0             1 
   439 X[11,19]     *              0             0             1 
   440 X[11,20]     *              0             0             1 
   441 X[11,21]     *              0             0             1 
   442 X[11,22]     *              0             0             1 
   443 X[11,23]     *              0             0             1 
   444 X[11,24]     *              0             0             1 
   445 X[11,25]     *              0             0             1 
   446 X[11,26]     *              0             0             1 
   447 X[11,27]     *              0             0             1 
   448 X[11,28]     *              0             0             1 
   449 X[11,29]     *              0             0             1 
   450 X[11,30]     *              0             0             1 
   451 X[11,31]     *              1             0             1 
   452 X[11,32]     *              1             0             1 
   453 X[11,33]     *              1             0             1 
   454 X[11,34]     *              0             0             1 
   455 X[11,35]     *              0             0             1 
   456 X[11,36]     *              0             0             1 
   457 X[11,37]     *              0             0             1 
   458 X[11,38]     *              0             0             1 
   459 X[11,39]     *              0             0             1 
   460 X[11,40]     *              0             0             1 
   461 X[11,41]     *              0             0             1 
   462 X[11,42]     *              0             0             1 
   463 X[12,1]      *              0             0             1 
   464 X[12,2]      *              0             0             1 
   465 X[12,3]      *              0             0             1 
   466 X[12,4]      *              0             0             1 
   467 X[12,5]      *              0             0             1 
   468 X[12,6]      *              0             0             1 
   469 X[12,7]      *              0             0             1 
   470 X[12,8]      *              0             0             1 
   471 X[12,9]      *              0             0             1 
   472 X[12,10]     *              0             0             1 
   473 X[12,11]     *              0             0             1 
   474 X[12,12]     *              0             0             1 
   475 X[12,13]     *              0             0             1 
   476 X[12,14]     *              0             0             1 
   477 X[12,15]     *              0             0             1 
   478 X[12,16]     *              0             0             1 
   479 X[12,17]     *              0             0             1 
   480 X[12,18]     *              0             0             1 
   481 X[12,19]     *              0             0             1 
   482 X[12,20]     *              0             0             1 
   483 X[12,21]     *              0             0             1 
   484 X[12,22]     *              0             0             1 
   485 X[12,23]     *              0             0             1 
   486 X[12,24]     *              0             0             1 
   487 X[12,25]     *              0             0             1 
   488 X[12,26]     *              0             0             1 
   489 X[12,27]     *              0             0             1 
   490 X[12,28]     *              0             0             1 
   491 X[12,29]     *              0             0             1 
   492 X[12,30]     *              0             0             1 
   493 X[12,31]     *              0             0             1 
   494 X[12,32]     *              0             0             1 
   495 X[12,33]     *              0             0             1 
   496 X[12,34]     *              1             0             1 
   497 X[12,35]     *              1             0             1 
   498 X[12,36]     *              1             0             1 
   499 X[12,37]     *              0             0             1 
   500 X[12,38]     *              0             0             1 
   501 X[12,39]     *              0             0             1 
   502 X[12,40]     *              0             0             1 
   503 X[12,41]     *              0             0             1 
   504 X[12,42]     *              0             0             1 
   505 X[13,1]      *              0             0             1 
   506 X[13,2]      *              0             0             1 
   507 X[13,3]      *              0             0             1 
   508 X[13,4]      *              0             0             1 
   509 X[13,5]      *              0             0             1 
   510 X[13,6]      *              0             0             1 
   511 X[13,7]      *              0             0             1 
   512 X[13,8]      *              0             0             1 
   513 X[13,9]      *              0             0             1 
   514 X[13,10]     *              0             0             1 
   515 X[13,11]     *              0             0             1 
   516 X[13,12]     *              0             0             1 
   517 X[13,13]     *              0             0             1 
   518 X[13,14]     *              0             0             1 
   519 X[13,15]     *              0             0             1 
   520 X[13,16]     *              0             0             1 
   521 X[13,17]     *              0             0             1 
   522 X[13,18]     *              0             0             1 
   523 X[13,19]     *              0             0             1 
   524 X[13,20]     *              0             0             1 
   525 X[13,21]     *              0             0             1 
   526 X[13,22]     *              0             0             1 
   527 X[13,23]     *              0             0             1 
   528 X[13,24]     *              0             0             1 
   529 X[13,25]     *              0             0             1 
   530 X[13,26]     *              0             0             1 
   531 X[13,27]     *              0             0             1 
   532 X[13,28]     *              0             0             1 
   533 X[13,29]     *              0             0             1 
   534 X[13,30]     *              0             0             1 
   535 X[13,31]     *              0             0             1 
   536 X[13,32]     *              0             0             1 
   537 X[13,33]     *              0             0             1 
   538 X[13,34]     *              0             0             1 
   539 X[13,35]     *              0             0             1 
   540 X[13,36]     *              0             0             1 
   541 X[13,37]     *              1             0             1 
   542 X[13,38]     *              1             0             1 
   543 X[13,39]     *              1             0             1 
   544 X[13,40]     *              0             0             1 
   545 X[13,41]     *              0             0             1 
   546 X[13,42]     *              0             0             1 
   547 X[14,1]      *              0             0             1 
   548 X[14,2]      *              0             0             1 
   549 X[14,3]      *              0             0             1 
   550 X[14,4]      *              0             0             1 
   551 X[14,5]      *              0             0             1 
   552 X[14,6]      *              0             0             1 
   553 X[14,7]      *              0             0             1 
   554 X[14,8]      *              0             0             1 
   555 X[14,9]      *              0             0             1 
   556 X[14,10]     *              0             0             1 
   557 X[14,11]     *              0             0             1 
   558 X[14,12]     *              0             0             1 
   559 X[14,13]     *              0             0             1 
   560 X[14,14]     *              0             0             1 
   561 X[14,15]     *              0             0             1 
   562 X[14,16]     *              0             0             1 
   563 X[14,17]     *              0             0             1 
   564 X[14,18]     *              0             0             1 
   565 X[14,19]     *              0             0             1 
   566 X[14,20]     *              0             0             1 
   567 X[14,21]     *              0             0             1 
   568 X[14,22]     *              0             0             1 
   569 X[14,23]     *              0             0             1 
   570 X[14,24]     *              0             0             1 
   571 X[14,25]     *              0             0             1 
   572 X[14,26]     *              0             0             1 
   573 X[14,27]     *              0             0             1 
   574 X[14,28]     *              0             0             1 
   575 X[14,29]     *              0             0             1 
   576 X[14,30]     *              0             0             1 
   577 X[14,31]     *              0             0             1 
   578 X[14,32]     *              0             0             1 
   579 X[14,33]     *              0             0             1 
   580 X[14,34]     *              0             0             1 
   581 X[14,35]     *              0             0             1 
   582 X[14,36]     *              0             0             1 
   583 X[14,37]     *              0             0             1 
   584 X[14,38]     *              0             0             1 
   585 X[14,39]     *              0             0             1 
   586 X[14,40]     *              1             0             1 
   587 X[14,41]     *              1             0             1 
   588 X[14,42]     *              1             0             1 

Integer feasibility conditions:

KKT.PE: max.abs.err = 0.00e+00 on row 0
        max.rel.err = 0.00e+00 on row 0
        High quality

KKT.PB: max.abs.err = 0.00e+00 on row 0
        max.rel.err = 0.00e+00 on row 0
        High quality

End of output
